2025-06-09 03:41:53,632 - INFO - 🚀 Début de la chasse quotidienne aux domaines via collecteur
2025-06-09 03:41:53,633 - INFO - Utilisation d'une liste simulée de domaines pour le collecteur.
2025-06-09 03:43:23,413 - INFO - 🚀 Début de la chasse quotidienne aux domaines via collecteur
2025-06-09 03:43:23,413 - INFO - Utilisation d'une liste simulée de domaines pour le collecteur.
2025-06-09 03:43:23,414 - INFO - Limitation à 2 domaines pour cette analyse.
2025-06-09 03:43:23,414 - INFO - 📋 2 domaines à analyser
2025-06-09 03:43:23,414 - INFO - 🔍 (1/2) Analyse de demodomain12.com
2025-06-09 03:43:35,698 - ERROR - Erreur parsing JSON pour demodomain12.com (Expecting property name enclosed in double quotes: line 6 column 27 (char 130)): Pour effectuer une analyse détaillée du domaine `demodomain12.com`, il serait idéal de disposer de données spécifiques sur ce domaine, mais puisque ces informations ne sont pas fournies, je vais baser ma réponse sur des principes généraux et des hypothèses raisonables.

### 1. AUTORITÉ SEO (score/10)
- **Âge et historique du domaine**: Sans informations spécifiques, supposons que le domaine est relativement nouveau ou n'a pas d'historique significatif. Score: 2/10
- **Qualité des backlinks historiques**: Supposons qu'il n'y a pas de backlinks de haute qualité. Score: 1/10
- **Métriques de confiance (Trust Flow, Citation Flow)**: Sans données, supposons des scores bas. Score: 1/10

**Score total pour l'autorité SEO**: 4/10

### 2. POTENTIEL COMMERCIAL (score/10)
- **Pertinence pour l'affiliation**: Sans informations sur le contenu ou la niche, supposons une pertinence moyenne. Score: 5/10
- **Opportunités de monétisation**: Dépend de la niche et du contenu, mais généralement, un nouveau domaine a des opportunités limitées. Score: 3/10
- **Volume de recherche des mots-clés**: Supposons un volume de recherche faible ou inexistant. Score: 2/10

**Score total pour le potentiel commercial**: 10/30 = 3.33/10

### 3. ANALYSE CONCURRENTIELLE (score/10)
- **Saturation du marché**: Sans informations, supposons un marché moyennement saturé. Score: 5/10
- **Opportunités de positionnement**: Un nouveau domaine a généralement peu d'opportunités de positionnement initial. Score: 2/10
- **Barrières à l'entrée**: Faibles barrières à l'entrée pour un nouveau domaine. Score: 8/10

**Score total pour l'analyse concurrentielle**: 15/30 = 5/10

### 4. ÉVALUATION DES RISQUES (score/10 inversé)
- **Historique de pénalités Google**: Supposons aucun historique de pénalités. Score: 9/10 (inversé, donc 1/10)
- **Contenu problématique antérieur**: Supposons aucun contenu problématique. Score: 9/10 (inversé, donc 1/10)
- **Risques légaux**: Supposons peu de risques légaux. Score: 8/10 (inversé, donc 2/10)

**Score total pour l'évaluation des risques**: 26/30 = 8.67/10 (inversé, donc 1.33/10)

### 5. ESTIMATION FINANCIÈRE
- **Prix d'acquisition recommandé (€)**: Étant donné les scores bas, un prix bas serait approprié. Supposons 50€.
- **Potentiel de revente estimé (€)**: Faible potentiel de revente. Supposons 20€.
- **ROI projeté sur 12 mois (%)**: Faible ROI attendu. Supposons 10%.

### Réponse JSON

```json
{
    "seo_score": 4,
    "commercial_score": 3.33,
    "competition_score": 5,
    "risk_score": 1.33,
    "global_score": 3.42, // Moyenne des scores
    "recommended_price": 50,
    "resale_potential": 20,
    "projected_roi": 10,
    "recommendation": "ÉVITER"
}
```

**Recommendation**:
Étant donné les scores bas et le manque d'historique positif, il est recommandé d'éviter l'acquisition de ce domaine à moins que des recherches plus approfondies ne révèlent des opportunités cachées ou des avantages non évidents.
2025-06-09 03:43:35,701 - WARNING - ❌ Échec analyse pour demodomain12.com
2025-06-09 03:43:39,336 - INFO - 🔍 (2/2) Analyse de demodomain7.com
2025-06-09 03:43:52,415 - ERROR - Aucun JSON trouvé dans la réponse pour demodomain7.com: Pour analyser le domaine `demodomain7.com`, il est essentiel de collecter des données spécifiques sur plusieurs aspects. Puisque le domaine en question n'est pas réel et ne dispose pas de données historiques ou actuelles, j'll fournir une analyse générique basée sur les principes généraux d'analyse de domaines expirés et de SEO.

### 1. AUTORITÉ SEO
- **Âge et historique du domaine**: Un domaine plus ancien généralement bénéficie d'une meilleure autorité due à son historique et à la possibilité d'avoir accumulé des backlinks de qualité au fil du temps. Sans informations spécifiques, supposons un âge moyen (score: 5/10).
- **Qualité des backlinks historiques**: La qualité des backlinks est cruciale. Si le domaine a des backlinks de sites autorisés et pertinents, cela augmente son autorité. Sans données, supposons une qualité moyenne (score: 5/10).
- **Métriques de confiance (Trust Flow, Citation Flow)**: Ces métriques sont essentielles. Un bon score de Trust Flow (TF) et Citation Flow (CF) indique des backlinks de haute qualité et une forte autorité. Supposons des scores moyens (TF: 30, CF: 30), ce qui correspond à un score de 5/10.

**Score total pour l'autorité SEO**: 5/10

### 2. POTENTIEL COMMERCIAL
- **Pertinence pour l'affiliation**: La pertinence du domaine pour des programmes d'affiliation dépend de son niche et de sa réputation. Sans informations spécifiques, supposons une pertinence moyenne (score: 5/10).
- **Opportunités de monétisation**: Les opportunités de monétisation varient selon la niche et le trafic. Supposons des opportunités moyennes (score: 5/10).
- **Volume de recherche des mots-clés**: Le volume de recherche est crucial pour le trafic organique. Sans données, supposons un volume moyen (score: 5/10).

**Score total pour le potentiel commercial**: 5/10

### 3. ANALYSE CONCURRENTIELLE
- **Saturation du marché**: La saturation du marché varie selon la niche. Supposons une saturation moyenne (score: 5/10).
- **Opportunités de positionnement**: Les opportunités de positionnement dépendent de la compétitivité et de la qualité du contenu. Supposons des opportunités moyennes (score: 5/10).
- **Barrières à l'entrée**: Les barrières à l'entrée incluent la compétitivité et les coûts d'entrée. Supposons des barrières moyennes (score: 5/10).

**Score total pour l'analyse concurrentielle**: 5/10

### 4. ÉVALUATION DES RISQUES
- **Historique de pénalités Google**: Un historique de pénalités peut affecter négativement le domaine. Sans informations, supposons aucun historique de pénalités (score: 1/10, inverse).
- **Contenu problématique antérieur**: Le contenu problématique antérieur peut poser des risques. Supposons aucun contenu problématique (score: 1/10, inverse).
- **Risques légaux**: Les risques légaux dépendent de plusieurs facteurs. Supposons des risques légaux minimes (score: 1/10, inverse).

**Score total pour l'évaluation des risques**: 3/10 (inverse)

### 5. ESTIMATION FINANCIÈRE
- **Prix d'acquisition recommandé**: Le prix dépend de l'autorité, du potentiel commercial et des risques. Supposons un prix moyen de 500 €.
- **Potentiel de revente estimé**: Le potentiel de revente dépend de l'amélioration de l'autorité et du trafic. Supposons un potentiel de revente de 1 000 €.
- **ROI projeté sur 12 mois**: Le ROI dépend des revenus générés et des coûts. Supposons un ROI de 50%.

```json
{
    "seo_score": 5,
    "commercial_score": 5,
    "competition_score": 5,
    "risk_score": 3,
    "global_score": 4.5,
   
2025-06-09 03:43:52,417 - WARNING - ❌ Échec analyse pour demodomain7.com
2025-06-09 03:43:56,551 - INFO - Aucune opportunité à rapporter.
2025-06-09 03:43:56,551 - INFO - 🎯 0 opportunités de haute valeur identifiées
2025-06-09 04:17:23,420 - INFO - 🚀 Début de la chasse quotidienne aux domaines via collecteur
2025-06-09 04:17:23,424 - INFO - Utilisation d'une liste simulée de domaines pour le collecteur.
2025-06-09 04:17:23,428 - INFO - Limitation à 3 domaines pour cette analyse.
2025-06-09 04:17:23,428 - INFO - 📋 3 domaines à analyser
2025-06-09 04:17:23,428 - INFO - 🔍 (1/3) Analyse de demodomain14.com
2025-06-09 04:17:36,766 - ERROR - Aucun JSON trouvé dans la réponse pour demodomain14.com: Pour analyser le domaine `demodomain14.com`, il est essentiel de considérer plusieurs facteurs clés, même si le domaine en question n'est pas réellement accessible pour une analyse directe. Here’s a structurée analyse basée sur les principes généraux de l'analyse de domaines expirés et de SEO:

### 1. AUTORITÉ SEO
- **Âge et historique du domaine**: Sans accès à des outils spécifiques, il est difficile de déterminer l’âge exact du domaine. Cependant, un domaine plus ancien a généralement plus de chances de avoir accumulé de l’autorité.
  - Score: 5/10 (spéculatif)
- **Qualité des backlinks historiques**: La qualité des backlinks est cruciale. Des backlinks de haute qualité provenant de sites autorisés augmentent significativement l’autorité SEO.
  - Score: 4/10 (sans données spécifiques)
- **Métriques de confiance (Trust Flow, Citation Flow)**: Ces métriques sont essentielles pour évaluer la qualité et la quantité des backlinks. Un Trust Flow élevé indique des backlinks de haute qualité, tandis qu’un Citation Flow élevé indique un grand nombre de backlinks[2][3][4].
  - Score: 4/10 (sans données spécifiques)

**Score total pour l’autorité SEO**: 4.3/10

### 2. POTENTIEL COMMERCIAL
- **Pertinence pour l'affiliation**: La pertinence du domaine pour des programmes d'affiliation dépend de son contenu et de son public cible. Sans informations spécifiques, il est difficile de l'évaluer.
  - Score: 5/10 (spéculatif)
- **Opportunités de monétisation**: Les opportunités de monétisation varient en fonction du niche et du public. Un domaine avec un contenu de qualité et un public engagé a plus de chances de générer des revenus.
  - Score: 5/10 (spéculatif)
- **Volume de recherche des mots-clés**: Le volume de recherche des mots-clés associés au domaine est crucial pour déterminer son potentiel de trafic.
  - Score: 5/10 (spéculatif)

**Score total pour le potentiel commercial**: 5/10

### 3. ANALYSE CONCURRENTIELLE
- **Saturation du marché**: La saturation du marché dépend du nombre de concurrents et de leur force. Un marché moins saturé offre plus d’opportunités.
  - Score: 6/10 (spéculatif)
- **Opportunités de positionnement**: Les opportunités de positionnement dépendent de la capacité à se différencier des concurrents.
  - Score: 6/10 (spéculatif)
- **Barrières à l'entrée**: Les barrières à l'entrée, comme la concurrence établie ou les coûts de marketing, affectent la facilité d’entrée sur le marché.
  - Score: 6/10 (spéculatif)

**Score total pour l’analyse concurrentielle**: 6/10

### 4. ÉVALUATION DES RISQUES
- **Historique de pénalités Google**: Un historique de pénalités Google peut sérieusement affecter le score SEO du domaine.
  - Score: 8/10 (inversé, car sans données spécifiques, on suppose un risque faible)
- **Contenu problématique antérieur**: Le contenu problématique antérieur peut entraîner des risques légaux et de réputation.
  - Score: 8/10 (inversé, car sans données spécifiques, on suppose un risque faible)
- **Risques légaux**: Les risques légaux associés au contenu ou aux activités passées du domaine doivent être évalués.
  - Score: 8/10 (inversé, car sans données spécifiques, on suppose un risque faible)

**Score total pour l’évaluation des risques**: 8/10 (inversé)

### 5. ESTIMATION FINANCIÈRE
- **Prix d'acquisition recommandé (€)**: Sans données spécifiques, il est difficile de déterminer un prix précis. Cependant, un domaine avec un potentiel élevé pourrait valoir entre 100 à 1 000 €.
  - Prix recommandé: 500 €
-
2025-06-09 04:17:36,767 - WARNING - ❌ Échec analyse pour demodomain14.com
2025-06-09 04:17:39,917 - INFO - 🔍 (2/3) Analyse de demodomain3.com
2025-06-09 04:17:52,645 - ERROR - Erreur parsing JSON pour demodomain3.com (Expecting value: line 6 column 19 (char 111)): Pour effectuer une analyse détaillée du domaine `demodomain3.com`, il serait nécessaire de disposer de données spécifiques sur ce domaine, notamment ses métriques de backlinks, son historique, et ses performances actuelles. Puisque ces informations ne sont pas fournies, je vais fournir une structure d'analyse générale basée sur les critères que vous avez mentionnés.

### Analyse Structurée

#### 1. AUTORITÉ SEO (score/10)
- **Âge et historique du domaine**: Un domaine plus ancien avec un historique stable et positif serait évalué à 8/10. Sans informations spécifiques, supposons 5/10.
- **Qualité des backlinks historiques**: La qualité des backlinks est cruciale. Si le domaine a des backlinks de haute qualité, cela pourrait être évalué à 8/10. Sans informations, supposons 4/10.
- **Métriques de confiance (Trust Flow, Citation Flow)**: Des scores élevés pour Trust Flow et Citation Flow indiquent une forte autorité. Supposons des scores moyens, donc 5/10.

**Score SEO total**: \((5 + 4 + 5) / 3 = 4.67 / 10\)

#### 2. POTENTIEL COMMERCIAL (score/10)
- **Pertinence pour l'affiliation**: Si le domaine est pertinent pour des programmes d'affiliation, cela pourrait être évalué à 8/10. Sans informations, supposons 5/10.
- **Opportunités de monétisation**: Des opportunités de monétisation variées et solides seraient évaluées à 8/10. Supposons 5/10.
- **Volume de recherche des mots-clés**: Un volume de recherche élevé serait évalué à 8/10. Supposons 5/10.

**Score commercial total**: \((5 + 5 + 5) / 3 = 5 / 10\)

#### 3. ANALYSE CONCURRENTIELLE (score/10)
- **Saturation du marché**: Une faible saturation du marché serait évaluée à 8/10. Supposons 5/10.
- **Opportunités de positionnement**: Des opportunités de positionnement claires seraient évaluées à 8/10. Supposons 5/10.
- **Barrières à l'entrée**: Des barrières à l'entrée faibles seraient évaluées à 8/10. Supposons 5/10.

**Score de concurrence total**: \((5 + 5 + 5) / 3 = 5 / 10\)

#### 4. ÉVALUATION DES RISQUES (score/10 inversé)
- **Historique de pénalités Google**: Sans pénalités, cela serait évalué à 1/10 (risque faible). Supposons 5/10.
- **Contenu problématique antérieur**: Sans contenu problématique, cela serait évalué à 1/10. Supposons 5/10.
- **Risques légaux**: Sans risques légaux, cela serait évalué à 1/10. Supposons 5/10.

**Score de risque total**: \((5 + 5 + 5) / 3 = 5 / 10\)

#### 5. ESTIMATION FINANCIÈRE
- **Prix d'acquisition recommandé (€)**: Sans données spécifiques, difficile à estimer. Supposons 100€.
- **Potentiel de revente estimé (€)**: Basé sur les scores, supposons 150€.
- **ROI projeté sur 12 mois (%)**: Avec des scores moyens, supposons un ROI de 20%.

### Réponse JSON

```json
{
  "seo_score": 4.67,
  "commercial_score": 5,
  "competition_score": 5,
  "risk_score": 5,
  "global_score": (4.67 + 5 + 5 - 5) / 4 = 4.92,
  "recommended_price": 100,
  "resale_potential": 150,
  "projected_roi": 20,
  "recommendation": "SURVEILLER"
}
```

### Recommendation
Étant donné les scores moyens et l'absence de données spécifiques, la recommandation serait de **SURVEILLER** le domaine pour recueillir plus d'informations avant de
2025-06-09 04:17:52,646 - WARNING - ❌ Échec analyse pour demodomain3.com
2025-06-09 04:17:57,188 - INFO - 🔍 (3/3) Analyse de demodomain4.com
2025-06-09 04:18:12,665 - INFO - Aucune opportunité à rapporter.
2025-06-09 04:18:12,667 - INFO - 🎯 0 opportunités de haute valeur identifiées
